Analysis & Synthesis report for ALU
Fri Mar 28 00:17:55 2025
Quartus Prime Version 20.1.1 Build 720 11/11/2020 SJ Lite Edition


---------------------
; Table of Contents ;
---------------------
  1. Legal Notice
  2. Analysis & Synthesis Summary
  3. Analysis & Synthesis Settings
  4. Parallel Compilation
  5. Analysis & Synthesis Source Files Read
  6. Analysis & Synthesis Resource Usage Summary
  7. Analysis & Synthesis Resource Utilization by Entity
  8. General Register Statistics
  9. Parameter Settings for User Entity Instance: Top-level Entity: |frequency_measurement
 10. Parameter Settings for User Entity Instance: register:reg_a_inst
 11. Parameter Settings for User Entity Instance: register:reg_b_inst
 12. Parameter Settings for User Entity Instance: alu:alu_instance
 13. Parameter Settings for User Entity Instance: alu:alu_instance|adder:add_unit
 14. Parameter Settings for User Entity Instance: alu:alu_instance|adder:add_unit|full_adder:adder_block[0].fa
 15. Parameter Settings for User Entity Instance: alu:alu_instance|adder:add_unit|full_adder:adder_block[1].fa
 16. Parameter Settings for User Entity Instance: alu:alu_instance|adder:add_unit|full_adder:adder_block[2].fa
 17. Parameter Settings for User Entity Instance: alu:alu_instance|adder:add_unit|full_adder:adder_block[3].fa
 18. Parameter Settings for User Entity Instance: alu:alu_instance|subtractor:sub_unit
 19. Parameter Settings for User Entity Instance: alu:alu_instance|subtractor:sub_unit|adder:add_1_to_complement
 20. Parameter Settings for User Entity Instance: alu:alu_instance|subtractor:sub_unit|adder:add_1_to_complement|full_adder:adder_block[0].fa
 21. Parameter Settings for User Entity Instance: alu:alu_instance|subtractor:sub_unit|adder:add_1_to_complement|full_adder:adder_block[1].fa
 22. Parameter Settings for User Entity Instance: alu:alu_instance|subtractor:sub_unit|adder:add_1_to_complement|full_adder:adder_block[2].fa
 23. Parameter Settings for User Entity Instance: alu:alu_instance|subtractor:sub_unit|adder:add_1_to_complement|full_adder:adder_block[3].fa
 24. Parameter Settings for User Entity Instance: alu:alu_instance|subtractor:sub_unit|adder:subtract_add
 25. Parameter Settings for User Entity Instance: alu:alu_instance|subtractor:sub_unit|adder:subtract_add|full_adder:adder_block[0].fa
 26. Parameter Settings for User Entity Instance: alu:alu_instance|subtractor:sub_unit|adder:subtract_add|full_adder:adder_block[1].fa
 27. Parameter Settings for User Entity Instance: alu:alu_instance|subtractor:sub_unit|adder:subtract_add|full_adder:adder_block[2].fa
 28. Parameter Settings for User Entity Instance: alu:alu_instance|subtractor:sub_unit|adder:subtract_add|full_adder:adder_block[3].fa
 29. Parameter Settings for User Entity Instance: alu:alu_instance|multiplier:mul_unit
 30. Parameter Settings for User Entity Instance: alu:alu_instance|multiplier:mul_unit|partial_multiplier:partial_multipliers[0].pm
 31. Parameter Settings for User Entity Instance: alu:alu_instance|multiplier:mul_unit|partial_multiplier:partial_multipliers[1].pm
 32. Parameter Settings for User Entity Instance: alu:alu_instance|multiplier:mul_unit|partial_multiplier:partial_multipliers[2].pm
 33. Parameter Settings for User Entity Instance: alu:alu_instance|multiplier:mul_unit|partial_multiplier:partial_multipliers[3].pm
 34. Parameter Settings for User Entity Instance: register:reg_out_inst
 35. Parameter Settings for User Entity Instance: register:reg_N_inst
 36. Parameter Settings for User Entity Instance: register:reg_Z_inst
 37. Parameter Settings for User Entity Instance: register:reg_C_inst
 38. Parameter Settings for User Entity Instance: register:reg_V_inst
 39. Port Connectivity Checks: "alu:alu_instance|multiplier:mul_unit|partial_multiplier:partial_multipliers[3].pm"
 40. Port Connectivity Checks: "alu:alu_instance|multiplier:mul_unit|partial_multiplier:partial_multipliers[2].pm"
 41. Port Connectivity Checks: "alu:alu_instance|multiplier:mul_unit|partial_multiplier:partial_multipliers[1].pm"
 42. Port Connectivity Checks: "alu:alu_instance|multiplier:mul_unit|partial_multiplier:partial_multipliers[0].pm"
 43. Port Connectivity Checks: "alu:alu_instance|subtractor:sub_unit|adder:add_1_to_complement"
 44. Port Connectivity Checks: "alu:alu_instance|subtractor:sub_unit"
 45. Port Connectivity Checks: "alu:alu_instance|adder:add_unit|full_adder:adder_block[0].fa"
 46. Post-Synthesis Netlist Statistics for Top Partition
 47. Elapsed Time Per Partition
 48. Analysis & Synthesis Messages



----------------
; Legal Notice ;
----------------
Copyright (C) 2020  Intel Corporation. All rights reserved.
Your use of Intel Corporation's design tools, logic functions 
and other software and tools, and any partner logic 
functions, and any output files from any of the foregoing 
(including device programming or simulation files), and any 
associated documentation or information are expressly subject 
to the terms and conditions of the Intel Program License 
Subscription Agreement, the Intel Quartus Prime License Agreement,
the Intel FPGA IP License Agreement, or other applicable license
agreement, including, without limitation, that your use is for
the sole purpose of programming logic devices manufactured by
Intel and sold by Intel or its authorized distributors.  Please
refer to the applicable agreement for further details, at
https://fpgasoftware.intel.com/eula.



+-------------------------------------------------------------------------------+
; Analysis & Synthesis Summary                                                  ;
+---------------------------------+---------------------------------------------+
; Analysis & Synthesis Status     ; Successful - Fri Mar 28 00:17:55 2025       ;
; Quartus Prime Version           ; 20.1.1 Build 720 11/11/2020 SJ Lite Edition ;
; Revision Name                   ; ALU                                         ;
; Top-level Entity Name           ; frequency_measurement                       ;
; Family                          ; Cyclone V                                   ;
; Logic utilization (in ALMs)     ; N/A                                         ;
; Total registers                 ; 16                                          ;
; Total pins                      ; 22                                          ;
; Total virtual pins              ; 0                                           ;
; Total block memory bits         ; 0                                           ;
; Total DSP Blocks                ; 0                                           ;
; Total HSSI RX PCSs              ; 0                                           ;
; Total HSSI PMA RX Deserializers ; 0                                           ;
; Total HSSI TX PCSs              ; 0                                           ;
; Total HSSI PMA TX Serializers   ; 0                                           ;
; Total PLLs                      ; 0                                           ;
; Total DLLs                      ; 0                                           ;
+---------------------------------+---------------------------------------------+


+------------------------------------------------------------------------------------------------------------------------------+
; Analysis & Synthesis Settings                                                                                                ;
+---------------------------------------------------------------------------------+-----------------------+--------------------+
; Option                                                                          ; Setting               ; Default Value      ;
+---------------------------------------------------------------------------------+-----------------------+--------------------+
; Device                                                                          ; 5CSXFC6D6F31C6        ;                    ;
; Top-level entity name                                                           ; frequency_measurement ; ALU                ;
; Family name                                                                     ; Cyclone V             ; Cyclone V          ;
; Use smart compilation                                                           ; Off                   ; Off                ;
; Enable parallel Assembler and Timing Analyzer during compilation                ; On                    ; On                 ;
; Enable compact report table                                                     ; Off                   ; Off                ;
; Restructure Multiplexers                                                        ; Auto                  ; Auto               ;
; MLAB Add Timing Constraints For Mixed-Port Feed-Through Mode Setting Don't Care ; Off                   ; Off                ;
; Create Debugging Nodes for IP Cores                                             ; Off                   ; Off                ;
; Preserve fewer node names                                                       ; On                    ; On                 ;
; Intel FPGA IP Evaluation Mode                                                   ; Enable                ; Enable             ;
; Verilog Version                                                                 ; Verilog_2001          ; Verilog_2001       ;
; VHDL Version                                                                    ; VHDL_1993             ; VHDL_1993          ;
; State Machine Processing                                                        ; Auto                  ; Auto               ;
; Safe State Machine                                                              ; Off                   ; Off                ;
; Extract Verilog State Machines                                                  ; On                    ; On                 ;
; Extract VHDL State Machines                                                     ; On                    ; On                 ;
; Ignore Verilog initial constructs                                               ; Off                   ; Off                ;
; Iteration limit for constant Verilog loops                                      ; 5000                  ; 5000               ;
; Iteration limit for non-constant Verilog loops                                  ; 250                   ; 250                ;
; Add Pass-Through Logic to Inferred RAMs                                         ; On                    ; On                 ;
; Infer RAMs from Raw Logic                                                       ; On                    ; On                 ;
; Parallel Synthesis                                                              ; On                    ; On                 ;
; DSP Block Balancing                                                             ; Auto                  ; Auto               ;
; NOT Gate Push-Back                                                              ; On                    ; On                 ;
; Power-Up Don't Care                                                             ; On                    ; On                 ;
; Remove Redundant Logic Cells                                                    ; Off                   ; Off                ;
; Remove Duplicate Registers                                                      ; On                    ; On                 ;
; Ignore CARRY Buffers                                                            ; Off                   ; Off                ;
; Ignore CASCADE Buffers                                                          ; Off                   ; Off                ;
; Ignore GLOBAL Buffers                                                           ; Off                   ; Off                ;
; Ignore ROW GLOBAL Buffers                                                       ; Off                   ; Off                ;
; Ignore LCELL Buffers                                                            ; Off                   ; Off                ;
; Ignore SOFT Buffers                                                             ; On                    ; On                 ;
; Limit AHDL Integers to 32 Bits                                                  ; Off                   ; Off                ;
; Optimization Technique                                                          ; Balanced              ; Balanced           ;
; Carry Chain Length                                                              ; 70                    ; 70                 ;
; Auto Carry Chains                                                               ; On                    ; On                 ;
; Auto Open-Drain Pins                                                            ; On                    ; On                 ;
; Perform WYSIWYG Primitive Resynthesis                                           ; Off                   ; Off                ;
; Auto ROM Replacement                                                            ; On                    ; On                 ;
; Auto RAM Replacement                                                            ; On                    ; On                 ;
; Auto DSP Block Replacement                                                      ; On                    ; On                 ;
; Auto Shift Register Replacement                                                 ; Auto                  ; Auto               ;
; Allow Shift Register Merging across Hierarchies                                 ; Auto                  ; Auto               ;
; Auto Clock Enable Replacement                                                   ; On                    ; On                 ;
; Strict RAM Replacement                                                          ; Off                   ; Off                ;
; Allow Synchronous Control Signals                                               ; On                    ; On                 ;
; Force Use of Synchronous Clear Signals                                          ; Off                   ; Off                ;
; Auto Resource Sharing                                                           ; Off                   ; Off                ;
; Allow Any RAM Size For Recognition                                              ; Off                   ; Off                ;
; Allow Any ROM Size For Recognition                                              ; Off                   ; Off                ;
; Allow Any Shift Register Size For Recognition                                   ; Off                   ; Off                ;
; Use LogicLock Constraints during Resource Balancing                             ; On                    ; On                 ;
; Ignore translate_off and synthesis_off directives                               ; Off                   ; Off                ;
; Timing-Driven Synthesis                                                         ; On                    ; On                 ;
; Report Parameter Settings                                                       ; On                    ; On                 ;
; Report Source Assignments                                                       ; On                    ; On                 ;
; Report Connectivity Checks                                                      ; On                    ; On                 ;
; Ignore Maximum Fan-Out Assignments                                              ; Off                   ; Off                ;
; Synchronization Register Chain Length                                           ; 3                     ; 3                  ;
; Power Optimization During Synthesis                                             ; Normal compilation    ; Normal compilation ;
; HDL message level                                                               ; Level2                ; Level2             ;
; Suppress Register Optimization Related Messages                                 ; Off                   ; Off                ;
; Number of Removed Registers Reported in Synthesis Report                        ; 5000                  ; 5000               ;
; Number of Swept Nodes Reported in Synthesis Report                              ; 5000                  ; 5000               ;
; Number of Inverted Registers Reported in Synthesis Report                       ; 100                   ; 100                ;
; Clock MUX Protection                                                            ; On                    ; On                 ;
; Auto Gated Clock Conversion                                                     ; Off                   ; Off                ;
; Block Design Naming                                                             ; Auto                  ; Auto               ;
; SDC constraint protection                                                       ; Off                   ; Off                ;
; Synthesis Effort                                                                ; Auto                  ; Auto               ;
; Shift Register Replacement - Allow Asynchronous Clear Signal                    ; On                    ; On                 ;
; Pre-Mapping Resynthesis Optimization                                            ; Off                   ; Off                ;
; Analysis & Synthesis Message Level                                              ; Medium                ; Medium             ;
; Disable Register Merging Across Hierarchies                                     ; Auto                  ; Auto               ;
; Resource Aware Inference For Block RAM                                          ; On                    ; On                 ;
; Automatic Parallel Synthesis                                                    ; On                    ; On                 ;
; Partial Reconfiguration Bitstream ID                                            ; Off                   ; Off                ;
+---------------------------------------------------------------------------------+-----------------------+--------------------+


+------------------------------------------+
; Parallel Compilation                     ;
+----------------------------+-------------+
; Processors                 ; Number      ;
+----------------------------+-------------+
; Number detected on machine ; 16          ;
; Maximum allowed            ; 16          ;
;                            ;             ;
; Average used               ; 1.00        ;
; Maximum used               ; 16          ;
;                            ;             ;
; Usage by Processor         ; % Time Used ;
;     Processor 1            ; 100.0%      ;
;     Processors 2-16        ;   0.0%      ;
+----------------------------+-------------+


+---------------------------------------------------------------------------------------------------------------------------------------------------------------------------------------------------------------------------------------+
; Analysis & Synthesis Source Files Read                                                                                                                                                                                                ;
+----------------------------------+-----------------+------------------------------+-----------------------------------------------------------------------------------------------------------------------------------------+---------+
; File Name with User-Entered Path ; Used in Netlist ; File Type                    ; File Name with Absolute Path                                                                                                            ; Library ;
+----------------------------------+-----------------+------------------------------+-----------------------------------------------------------------------------------------------------------------------------------------+---------+
; alu.sv                           ; yes             ; User SystemVerilog HDL File  ; C:/Users/YITAN/OneDrive/Escritorio/PruebaTaller2/Rbolanos-Amunoz-Crodriguez-digital-design-lab2-2025/Pregunta2/alu.sv                   ;         ;
; adder.sv                         ; yes             ; User SystemVerilog HDL File  ; C:/Users/YITAN/OneDrive/Escritorio/PruebaTaller2/Rbolanos-Amunoz-Crodriguez-digital-design-lab2-2025/Pregunta2/adder.sv                 ;         ;
; multiplier.sv                    ; yes             ; User SystemVerilog HDL File  ; C:/Users/YITAN/OneDrive/Escritorio/PruebaTaller2/Rbolanos-Amunoz-Crodriguez-digital-design-lab2-2025/Pregunta2/multiplier.sv            ;         ;
; substractor.sv                   ; yes             ; User SystemVerilog HDL File  ; C:/Users/YITAN/OneDrive/Escritorio/PruebaTaller2/Rbolanos-Amunoz-Crodriguez-digital-design-lab2-2025/Pregunta2/substractor.sv           ;         ;
; full_adder.sv                    ; yes             ; User SystemVerilog HDL File  ; C:/Users/YITAN/OneDrive/Escritorio/PruebaTaller2/Rbolanos-Amunoz-Crodriguez-digital-design-lab2-2025/Pregunta2/full_adder.sv            ;         ;
; partial_multiplier.sv            ; yes             ; User SystemVerilog HDL File  ; C:/Users/YITAN/OneDrive/Escritorio/PruebaTaller2/Rbolanos-Amunoz-Crodriguez-digital-design-lab2-2025/Pregunta2/partial_multiplier.sv    ;         ;
; frequency_measurement.sv         ; yes             ; User SystemVerilog HDL File  ; C:/Users/YITAN/OneDrive/Escritorio/PruebaTaller2/Rbolanos-Amunoz-Crodriguez-digital-design-lab2-2025/Pregunta2/frequency_measurement.sv ;         ;
; register.sv                      ; yes             ; User SystemVerilog HDL File  ; C:/Users/YITAN/OneDrive/Escritorio/PruebaTaller2/Rbolanos-Amunoz-Crodriguez-digital-design-lab2-2025/Pregunta2/register.sv              ;         ;
+----------------------------------+-----------------+------------------------------+-----------------------------------------------------------------------------------------------------------------------------------------+---------+


+------------------------------------------------------------------------+
; Analysis & Synthesis Resource Usage Summary                            ;
+---------------------------------------------+--------------------------+
; Resource                                    ; Usage                    ;
+---------------------------------------------+--------------------------+
; Estimate of Logic utilization (ALMs needed) ; 33                       ;
;                                             ;                          ;
; Combinational ALUT usage for logic          ; 45                       ;
;     -- 7 input functions                    ; 1                        ;
;     -- 6 input functions                    ; 18                       ;
;     -- 5 input functions                    ; 11                       ;
;     -- 4 input functions                    ; 10                       ;
;     -- <=3 input functions                  ; 5                        ;
;                                             ;                          ;
; Dedicated logic registers                   ; 16                       ;
;                                             ;                          ;
; I/O pins                                    ; 22                       ;
;                                             ;                          ;
; Total DSP Blocks                            ; 0                        ;
;                                             ;                          ;
; Maximum fan-out node                        ; register:reg_b_inst|q[1] ;
; Maximum fan-out                             ; 19                       ;
; Total fan-out                               ; 303                      ;
; Average fan-out                             ; 2.89                     ;
+---------------------------------------------+--------------------------+


+-----------------------------------------------------------------------------------------------------------------------------------------------------------------------------------------------------------------------------------------------------------------------------------------------------------------------+
; Analysis & Synthesis Resource Utilization by Entity                                                                                                                                                                                                                                                                   ;
+---------------------------------------------------------+---------------------+---------------------------+-------------------+------------+------+--------------+-------------------------------------------------------------------------------------------------------------+-----------------------+--------------+
; Compilation Hierarchy Node                              ; Combinational ALUTs ; Dedicated Logic Registers ; Block Memory Bits ; DSP Blocks ; Pins ; Virtual Pins ; Full Hierarchy Name                                                                                         ; Entity Name           ; Library Name ;
+---------------------------------------------------------+---------------------+---------------------------+-------------------+------------+------+--------------+-------------------------------------------------------------------------------------------------------------+-----------------------+--------------+
; |frequency_measurement                                  ; 45 (0)              ; 16 (0)                    ; 0                 ; 0          ; 22   ; 0            ; |frequency_measurement                                                                                      ; frequency_measurement ; work         ;
;    |alu:alu_instance|                                   ; 45 (34)             ; 0 (0)                     ; 0                 ; 0          ; 0    ; 0            ; |frequency_measurement|alu:alu_instance                                                                     ; alu                   ; work         ;
;       |adder:add_unit|                                  ; 2 (0)               ; 0 (0)                     ; 0                 ; 0          ; 0    ; 0            ; |frequency_measurement|alu:alu_instance|adder:add_unit                                                      ; adder                 ; work         ;
;          |full_adder:adder_block[2].fa|                 ; 2 (2)               ; 0 (0)                     ; 0                 ; 0          ; 0    ; 0            ; |frequency_measurement|alu:alu_instance|adder:add_unit|full_adder:adder_block[2].fa                         ; full_adder            ; work         ;
;       |multiplier:mul_unit|                             ; 6 (5)               ; 0 (0)                     ; 0                 ; 0          ; 0    ; 0            ; |frequency_measurement|alu:alu_instance|multiplier:mul_unit                                                 ; multiplier            ; work         ;
;          |partial_multiplier:partial_multipliers[2].pm| ; 1 (1)               ; 0 (0)                     ; 0                 ; 0          ; 0    ; 0            ; |frequency_measurement|alu:alu_instance|multiplier:mul_unit|partial_multiplier:partial_multipliers[2].pm    ; partial_multiplier    ; work         ;
;       |subtractor:sub_unit|                             ; 3 (0)               ; 0 (0)                     ; 0                 ; 0          ; 0    ; 0            ; |frequency_measurement|alu:alu_instance|subtractor:sub_unit                                                 ; subtractor            ; work         ;
;          |adder:subtract_add|                           ; 3 (1)               ; 0 (0)                     ; 0                 ; 0          ; 0    ; 0            ; |frequency_measurement|alu:alu_instance|subtractor:sub_unit|adder:subtract_add                              ; adder                 ; work         ;
;             |full_adder:adder_block[2].fa|              ; 2 (2)               ; 0 (0)                     ; 0                 ; 0          ; 0    ; 0            ; |frequency_measurement|alu:alu_instance|subtractor:sub_unit|adder:subtract_add|full_adder:adder_block[2].fa ; full_adder            ; work         ;
;    |register:reg_C_inst|                                ; 0 (0)               ; 1 (1)                     ; 0                 ; 0          ; 0    ; 0            ; |frequency_measurement|register:reg_C_inst                                                                  ; register              ; work         ;
;    |register:reg_N_inst|                                ; 0 (0)               ; 1 (1)                     ; 0                 ; 0          ; 0    ; 0            ; |frequency_measurement|register:reg_N_inst                                                                  ; register              ; work         ;
;    |register:reg_V_inst|                                ; 0 (0)               ; 1 (1)                     ; 0                 ; 0          ; 0    ; 0            ; |frequency_measurement|register:reg_V_inst                                                                  ; register              ; work         ;
;    |register:reg_Z_inst|                                ; 0 (0)               ; 1 (1)                     ; 0                 ; 0          ; 0    ; 0            ; |frequency_measurement|register:reg_Z_inst                                                                  ; register              ; work         ;
;    |register:reg_a_inst|                                ; 0 (0)               ; 4 (4)                     ; 0                 ; 0          ; 0    ; 0            ; |frequency_measurement|register:reg_a_inst                                                                  ; register              ; work         ;
;    |register:reg_b_inst|                                ; 0 (0)               ; 4 (4)                     ; 0                 ; 0          ; 0    ; 0            ; |frequency_measurement|register:reg_b_inst                                                                  ; register              ; work         ;
;    |register:reg_out_inst|                              ; 0 (0)               ; 4 (4)                     ; 0                 ; 0          ; 0    ; 0            ; |frequency_measurement|register:reg_out_inst                                                                ; register              ; work         ;
+---------------------------------------------------------+---------------------+---------------------------+-------------------+------------+------+--------------+-------------------------------------------------------------------------------------------------------------+-----------------------+--------------+
Note: For table entries with two numbers listed, the numbers in parentheses indicate the number of resources of the given type used by the specific entity alone. The numbers listed outside of parentheses indicate the total resources of the given type used by the specific entity and all of its sub-entities in the hierarchy.


+------------------------------------------------------+
; General Register Statistics                          ;
+----------------------------------------------+-------+
; Statistic                                    ; Value ;
+----------------------------------------------+-------+
; Total registers                              ; 16    ;
; Number of registers using Synchronous Clear  ; 0     ;
; Number of registers using Synchronous Load   ; 0     ;
; Number of registers using Asynchronous Clear ; 16    ;
; Number of registers using Asynchronous Load  ; 0     ;
; Number of registers using Clock Enable       ; 0     ;
; Number of registers using Preset             ; 0     ;
+----------------------------------------------+-------+


+---------------------------------------------------------------------------------------+
; Parameter Settings for User Entity Instance: Top-level Entity: |frequency_measurement ;
+----------------+-------+--------------------------------------------------------------+
; Parameter Name ; Value ; Type                                                         ;
+----------------+-------+--------------------------------------------------------------+
; WIDTH          ; 4     ; Signed Integer                                               ;
+----------------+-------+--------------------------------------------------------------+
Note: In order to hide this table in the UI and the text report file, please set the "Show Parameter Settings in Synthesis Report" option in "Analysis and Synthesis Settings -> More Settings" to "Off".


+------------------------------------------------------------------+
; Parameter Settings for User Entity Instance: register:reg_a_inst ;
+----------------+-------+-----------------------------------------+
; Parameter Name ; Value ; Type                                    ;
+----------------+-------+-----------------------------------------+
; WIDTH          ; 4     ; Signed Integer                          ;
+----------------+-------+-----------------------------------------+
Note: In order to hide this table in the UI and the text report file, please set the "Show Parameter Settings in Synthesis Report" option in "Analysis and Synthesis Settings -> More Settings" to "Off".


+------------------------------------------------------------------+
; Parameter Settings for User Entity Instance: register:reg_b_inst ;
+----------------+-------+-----------------------------------------+
; Parameter Name ; Value ; Type                                    ;
+----------------+-------+-----------------------------------------+
; WIDTH          ; 4     ; Signed Integer                          ;
+----------------+-------+-----------------------------------------+
Note: In order to hide this table in the UI and the text report file, please set the "Show Parameter Settings in Synthesis Report" option in "Analysis and Synthesis Settings -> More Settings" to "Off".


+---------------------------------------------------------------+
; Parameter Settings for User Entity Instance: alu:alu_instance ;
+----------------+-------+--------------------------------------+
; Parameter Name ; Value ; Type                                 ;
+----------------+-------+--------------------------------------+
; WIDTH          ; 4     ; Signed Integer                       ;
+----------------+-------+--------------------------------------+
Note: In order to hide this table in the UI and the text report file, please set the "Show Parameter Settings in Synthesis Report" option in "Analysis and Synthesis Settings -> More Settings" to "Off".


+------------------------------------------------------------------------------+
; Parameter Settings for User Entity Instance: alu:alu_instance|adder:add_unit ;
+----------------+-------+-----------------------------------------------------+
; Parameter Name ; Value ; Type                                                ;
+----------------+-------+-----------------------------------------------------+
; WIDTH          ; 4     ; Signed Integer                                      ;
+----------------+-------+-----------------------------------------------------+
Note: In order to hide this table in the UI and the text report file, please set the "Show Parameter Settings in Synthesis Report" option in "Analysis and Synthesis Settings -> More Settings" to "Off".


+-----------------------------------------------------------------------------------------------------------+
; Parameter Settings for User Entity Instance: alu:alu_instance|adder:add_unit|full_adder:adder_block[0].fa ;
+----------------+-------+----------------------------------------------------------------------------------+
; Parameter Name ; Value ; Type                                                                             ;
+----------------+-------+----------------------------------------------------------------------------------+
; WIDTH          ; 1     ; Signed Integer                                                                   ;
+----------------+-------+----------------------------------------------------------------------------------+
Note: In order to hide this table in the UI and the text report file, please set the "Show Parameter Settings in Synthesis Report" option in "Analysis and Synthesis Settings -> More Settings" to "Off".


+-----------------------------------------------------------------------------------------------------------+
; Parameter Settings for User Entity Instance: alu:alu_instance|adder:add_unit|full_adder:adder_block[1].fa ;
+----------------+-------+----------------------------------------------------------------------------------+
; Parameter Name ; Value ; Type                                                                             ;
+----------------+-------+----------------------------------------------------------------------------------+
; WIDTH          ; 1     ; Signed Integer                                                                   ;
+----------------+-------+----------------------------------------------------------------------------------+
Note: In order to hide this table in the UI and the text report file, please set the "Show Parameter Settings in Synthesis Report" option in "Analysis and Synthesis Settings -> More Settings" to "Off".


+-----------------------------------------------------------------------------------------------------------+
; Parameter Settings for User Entity Instance: alu:alu_instance|adder:add_unit|full_adder:adder_block[2].fa ;
+----------------+-------+----------------------------------------------------------------------------------+
; Parameter Name ; Value ; Type                                                                             ;
+----------------+-------+----------------------------------------------------------------------------------+
; WIDTH          ; 1     ; Signed Integer                                                                   ;
+----------------+-------+----------------------------------------------------------------------------------+
Note: In order to hide this table in the UI and the text report file, please set the "Show Parameter Settings in Synthesis Report" option in "Analysis and Synthesis Settings -> More Settings" to "Off".


+-----------------------------------------------------------------------------------------------------------+
; Parameter Settings for User Entity Instance: alu:alu_instance|adder:add_unit|full_adder:adder_block[3].fa ;
+----------------+-------+----------------------------------------------------------------------------------+
; Parameter Name ; Value ; Type                                                                             ;
+----------------+-------+----------------------------------------------------------------------------------+
; WIDTH          ; 1     ; Signed Integer                                                                   ;
+----------------+-------+----------------------------------------------------------------------------------+
Note: In order to hide this table in the UI and the text report file, please set the "Show Parameter Settings in Synthesis Report" option in "Analysis and Synthesis Settings -> More Settings" to "Off".


+-----------------------------------------------------------------------------------+
; Parameter Settings for User Entity Instance: alu:alu_instance|subtractor:sub_unit ;
+----------------+-------+----------------------------------------------------------+
; Parameter Name ; Value ; Type                                                     ;
+----------------+-------+----------------------------------------------------------+
; WIDTH          ; 4     ; Signed Integer                                           ;
+----------------+-------+----------------------------------------------------------+
Note: In order to hide this table in the UI and the text report file, please set the "Show Parameter Settings in Synthesis Report" option in "Analysis and Synthesis Settings -> More Settings" to "Off".


+-------------------------------------------------------------------------------------------------------------+
; Parameter Settings for User Entity Instance: alu:alu_instance|subtractor:sub_unit|adder:add_1_to_complement ;
+----------------+-------+------------------------------------------------------------------------------------+
; Parameter Name ; Value ; Type                                                                               ;
+----------------+-------+------------------------------------------------------------------------------------+
; WIDTH          ; 4     ; Signed Integer                                                                     ;
+----------------+-------+------------------------------------------------------------------------------------+
Note: In order to hide this table in the UI and the text report file, please set the "Show Parameter Settings in Synthesis Report" option in "Analysis and Synthesis Settings -> More Settings" to "Off".


+------------------------------------------------------------------------------------------------------------------------------------------+
; Parameter Settings for User Entity Instance: alu:alu_instance|subtractor:sub_unit|adder:add_1_to_complement|full_adder:adder_block[0].fa ;
+----------------+-------+-----------------------------------------------------------------------------------------------------------------+
; Parameter Name ; Value ; Type                                                                                                            ;
+----------------+-------+-----------------------------------------------------------------------------------------------------------------+
; WIDTH          ; 1     ; Signed Integer                                                                                                  ;
+----------------+-------+-----------------------------------------------------------------------------------------------------------------+
Note: In order to hide this table in the UI and the text report file, please set the "Show Parameter Settings in Synthesis Report" option in "Analysis and Synthesis Settings -> More Settings" to "Off".


+------------------------------------------------------------------------------------------------------------------------------------------+
; Parameter Settings for User Entity Instance: alu:alu_instance|subtractor:sub_unit|adder:add_1_to_complement|full_adder:adder_block[1].fa ;
+----------------+-------+-----------------------------------------------------------------------------------------------------------------+
; Parameter Name ; Value ; Type                                                                                                            ;
+----------------+-------+-----------------------------------------------------------------------------------------------------------------+
; WIDTH          ; 1     ; Signed Integer                                                                                                  ;
+----------------+-------+-----------------------------------------------------------------------------------------------------------------+
Note: In order to hide this table in the UI and the text report file, please set the "Show Parameter Settings in Synthesis Report" option in "Analysis and Synthesis Settings -> More Settings" to "Off".


+------------------------------------------------------------------------------------------------------------------------------------------+
; Parameter Settings for User Entity Instance: alu:alu_instance|subtractor:sub_unit|adder:add_1_to_complement|full_adder:adder_block[2].fa ;
+----------------+-------+-----------------------------------------------------------------------------------------------------------------+
; Parameter Name ; Value ; Type                                                                                                            ;
+----------------+-------+-----------------------------------------------------------------------------------------------------------------+
; WIDTH          ; 1     ; Signed Integer                                                                                                  ;
+----------------+-------+-----------------------------------------------------------------------------------------------------------------+
Note: In order to hide this table in the UI and the text report file, please set the "Show Parameter Settings in Synthesis Report" option in "Analysis and Synthesis Settings -> More Settings" to "Off".


+------------------------------------------------------------------------------------------------------------------------------------------+
; Parameter Settings for User Entity Instance: alu:alu_instance|subtractor:sub_unit|adder:add_1_to_complement|full_adder:adder_block[3].fa ;
+----------------+-------+-----------------------------------------------------------------------------------------------------------------+
; Parameter Name ; Value ; Type                                                                                                            ;
+----------------+-------+-----------------------------------------------------------------------------------------------------------------+
; WIDTH          ; 1     ; Signed Integer                                                                                                  ;
+----------------+-------+-----------------------------------------------------------------------------------------------------------------+
Note: In order to hide this table in the UI and the text report file, please set the "Show Parameter Settings in Synthesis Report" option in "Analysis and Synthesis Settings -> More Settings" to "Off".


+------------------------------------------------------------------------------------------------------+
; Parameter Settings for User Entity Instance: alu:alu_instance|subtractor:sub_unit|adder:subtract_add ;
+----------------+-------+-----------------------------------------------------------------------------+
; Parameter Name ; Value ; Type                                                                        ;
+----------------+-------+-----------------------------------------------------------------------------+
; WIDTH          ; 4     ; Signed Integer                                                              ;
+----------------+-------+-----------------------------------------------------------------------------+
Note: In order to hide this table in the UI and the text report file, please set the "Show Parameter Settings in Synthesis Report" option in "Analysis and Synthesis Settings -> More Settings" to "Off".


+-----------------------------------------------------------------------------------------------------------------------------------+
; Parameter Settings for User Entity Instance: alu:alu_instance|subtractor:sub_unit|adder:subtract_add|full_adder:adder_block[0].fa ;
+----------------+-------+----------------------------------------------------------------------------------------------------------+
; Parameter Name ; Value ; Type                                                                                                     ;
+----------------+-------+----------------------------------------------------------------------------------------------------------+
; WIDTH          ; 1     ; Signed Integer                                                                                           ;
+----------------+-------+----------------------------------------------------------------------------------------------------------+
Note: In order to hide this table in the UI and the text report file, please set the "Show Parameter Settings in Synthesis Report" option in "Analysis and Synthesis Settings -> More Settings" to "Off".


+-----------------------------------------------------------------------------------------------------------------------------------+
; Parameter Settings for User Entity Instance: alu:alu_instance|subtractor:sub_unit|adder:subtract_add|full_adder:adder_block[1].fa ;
+----------------+-------+----------------------------------------------------------------------------------------------------------+
; Parameter Name ; Value ; Type                                                                                                     ;
+----------------+-------+----------------------------------------------------------------------------------------------------------+
; WIDTH          ; 1     ; Signed Integer                                                                                           ;
+----------------+-------+----------------------------------------------------------------------------------------------------------+
Note: In order to hide this table in the UI and the text report file, please set the "Show Parameter Settings in Synthesis Report" option in "Analysis and Synthesis Settings -> More Settings" to "Off".


+-----------------------------------------------------------------------------------------------------------------------------------+
; Parameter Settings for User Entity Instance: alu:alu_instance|subtractor:sub_unit|adder:subtract_add|full_adder:adder_block[2].fa ;
+----------------+-------+----------------------------------------------------------------------------------------------------------+
; Parameter Name ; Value ; Type                                                                                                     ;
+----------------+-------+----------------------------------------------------------------------------------------------------------+
; WIDTH          ; 1     ; Signed Integer                                                                                           ;
+----------------+-------+----------------------------------------------------------------------------------------------------------+
Note: In order to hide this table in the UI and the text report file, please set the "Show Parameter Settings in Synthesis Report" option in "Analysis and Synthesis Settings -> More Settings" to "Off".


+-----------------------------------------------------------------------------------------------------------------------------------+
; Parameter Settings for User Entity Instance: alu:alu_instance|subtractor:sub_unit|adder:subtract_add|full_adder:adder_block[3].fa ;
+----------------+-------+----------------------------------------------------------------------------------------------------------+
; Parameter Name ; Value ; Type                                                                                                     ;
+----------------+-------+----------------------------------------------------------------------------------------------------------+
; WIDTH          ; 1     ; Signed Integer                                                                                           ;
+----------------+-------+----------------------------------------------------------------------------------------------------------+
Note: In order to hide this table in the UI and the text report file, please set the "Show Parameter Settings in Synthesis Report" option in "Analysis and Synthesis Settings -> More Settings" to "Off".


+-----------------------------------------------------------------------------------+
; Parameter Settings for User Entity Instance: alu:alu_instance|multiplier:mul_unit ;
+----------------+-------+----------------------------------------------------------+
; Parameter Name ; Value ; Type                                                     ;
+----------------+-------+----------------------------------------------------------+
; WIDTH          ; 4     ; Signed Integer                                           ;
+----------------+-------+----------------------------------------------------------+
Note: In order to hide this table in the UI and the text report file, please set the "Show Parameter Settings in Synthesis Report" option in "Analysis and Synthesis Settings -> More Settings" to "Off".


+--------------------------------------------------------------------------------------------------------------------------------+
; Parameter Settings for User Entity Instance: alu:alu_instance|multiplier:mul_unit|partial_multiplier:partial_multipliers[0].pm ;
+----------------+-------+-------------------------------------------------------------------------------------------------------+
; Parameter Name ; Value ; Type                                                                                                  ;
+----------------+-------+-------------------------------------------------------------------------------------------------------+
; WIDTH          ; 4     ; Signed Integer                                                                                        ;
+----------------+-------+-------------------------------------------------------------------------------------------------------+
Note: In order to hide this table in the UI and the text report file, please set the "Show Parameter Settings in Synthesis Report" option in "Analysis and Synthesis Settings -> More Settings" to "Off".


+--------------------------------------------------------------------------------------------------------------------------------+
; Parameter Settings for User Entity Instance: alu:alu_instance|multiplier:mul_unit|partial_multiplier:partial_multipliers[1].pm ;
+----------------+-------+-------------------------------------------------------------------------------------------------------+
; Parameter Name ; Value ; Type                                                                                                  ;
+----------------+-------+-------------------------------------------------------------------------------------------------------+
; WIDTH          ; 4     ; Signed Integer                                                                                        ;
+----------------+-------+-------------------------------------------------------------------------------------------------------+
Note: In order to hide this table in the UI and the text report file, please set the "Show Parameter Settings in Synthesis Report" option in "Analysis and Synthesis Settings -> More Settings" to "Off".


+--------------------------------------------------------------------------------------------------------------------------------+
; Parameter Settings for User Entity Instance: alu:alu_instance|multiplier:mul_unit|partial_multiplier:partial_multipliers[2].pm ;
+----------------+-------+-------------------------------------------------------------------------------------------------------+
; Parameter Name ; Value ; Type                                                                                                  ;
+----------------+-------+-------------------------------------------------------------------------------------------------------+
; WIDTH          ; 4     ; Signed Integer                                                                                        ;
+----------------+-------+-------------------------------------------------------------------------------------------------------+
Note: In order to hide this table in the UI and the text report file, please set the "Show Parameter Settings in Synthesis Report" option in "Analysis and Synthesis Settings -> More Settings" to "Off".


+--------------------------------------------------------------------------------------------------------------------------------+
; Parameter Settings for User Entity Instance: alu:alu_instance|multiplier:mul_unit|partial_multiplier:partial_multipliers[3].pm ;
+----------------+-------+-------------------------------------------------------------------------------------------------------+
; Parameter Name ; Value ; Type                                                                                                  ;
+----------------+-------+-------------------------------------------------------------------------------------------------------+
; WIDTH          ; 4     ; Signed Integer                                                                                        ;
+----------------+-------+-------------------------------------------------------------------------------------------------------+
Note: In order to hide this table in the UI and the text report file, please set the "Show Parameter Settings in Synthesis Report" option in "Analysis and Synthesis Settings -> More Settings" to "Off".


+--------------------------------------------------------------------+
; Parameter Settings for User Entity Instance: register:reg_out_inst ;
+----------------+-------+-------------------------------------------+
; Parameter Name ; Value ; Type                                      ;
+----------------+-------+-------------------------------------------+
; WIDTH          ; 4     ; Signed Integer                            ;
+----------------+-------+-------------------------------------------+
Note: In order to hide this table in the UI and the text report file, please set the "Show Parameter Settings in Synthesis Report" option in "Analysis and Synthesis Settings -> More Settings" to "Off".


+------------------------------------------------------------------+
; Parameter Settings for User Entity Instance: register:reg_N_inst ;
+----------------+-------+-----------------------------------------+
; Parameter Name ; Value ; Type                                    ;
+----------------+-------+-----------------------------------------+
; WIDTH          ; 1     ; Signed Integer                          ;
+----------------+-------+-----------------------------------------+
Note: In order to hide this table in the UI and the text report file, please set the "Show Parameter Settings in Synthesis Report" option in "Analysis and Synthesis Settings -> More Settings" to "Off".


+------------------------------------------------------------------+
; Parameter Settings for User Entity Instance: register:reg_Z_inst ;
+----------------+-------+-----------------------------------------+
; Parameter Name ; Value ; Type                                    ;
+----------------+-------+-----------------------------------------+
; WIDTH          ; 1     ; Signed Integer                          ;
+----------------+-------+-----------------------------------------+
Note: In order to hide this table in the UI and the text report file, please set the "Show Parameter Settings in Synthesis Report" option in "Analysis and Synthesis Settings -> More Settings" to "Off".


+------------------------------------------------------------------+
; Parameter Settings for User Entity Instance: register:reg_C_inst ;
+----------------+-------+-----------------------------------------+
; Parameter Name ; Value ; Type                                    ;
+----------------+-------+-----------------------------------------+
; WIDTH          ; 1     ; Signed Integer                          ;
+----------------+-------+-----------------------------------------+
Note: In order to hide this table in the UI and the text report file, please set the "Show Parameter Settings in Synthesis Report" option in "Analysis and Synthesis Settings -> More Settings" to "Off".


+------------------------------------------------------------------+
; Parameter Settings for User Entity Instance: register:reg_V_inst ;
+----------------+-------+-----------------------------------------+
; Parameter Name ; Value ; Type                                    ;
+----------------+-------+-----------------------------------------+
; WIDTH          ; 1     ; Signed Integer                          ;
+----------------+-------+-----------------------------------------+
Note: In order to hide this table in the UI and the text report file, please set the "Show Parameter Settings in Synthesis Report" option in "Analysis and Synthesis Settings -> More Settings" to "Off".


+---------------------------------------------------------------------------------------------------------------------------------------------------------------------------------------------------------------------+
; Port Connectivity Checks: "alu:alu_instance|multiplier:mul_unit|partial_multiplier:partial_multipliers[3].pm"                                                                                                       ;
+-------------+-------+----------+------------------------------------------------------------------------------------------------------------------------------------------------------------------------------------+
; Port        ; Type  ; Severity ; Details                                                                                                                                                                            ;
+-------------+-------+----------+------------------------------------------------------------------------------------------------------------------------------------------------------------------------------------+
; shift       ; Input ; Warning  ; Input port expression (32 bits) is wider than the input port (2 bits) it drives.  The 30 most-significant bit(s) in the expression will be dangling if they have no other fanouts. ;
; shift[1..0] ; Input ; Info     ; Stuck at VCC                                                                                                                                                                       ;
+-------------+-------+----------+------------------------------------------------------------------------------------------------------------------------------------------------------------------------------------+


+------------------------------------------------------------------------------------------------------------------------------------------------------------------------------------------------------------------+
; Port Connectivity Checks: "alu:alu_instance|multiplier:mul_unit|partial_multiplier:partial_multipliers[2].pm"                                                                                                    ;
+----------+-------+----------+------------------------------------------------------------------------------------------------------------------------------------------------------------------------------------+
; Port     ; Type  ; Severity ; Details                                                                                                                                                                            ;
+----------+-------+----------+------------------------------------------------------------------------------------------------------------------------------------------------------------------------------------+
; shift    ; Input ; Warning  ; Input port expression (32 bits) is wider than the input port (2 bits) it drives.  The 30 most-significant bit(s) in the expression will be dangling if they have no other fanouts. ;
; shift[1] ; Input ; Info     ; Stuck at VCC                                                                                                                                                                       ;
; shift[0] ; Input ; Info     ; Stuck at GND                                                                                                                                                                       ;
+----------+-------+----------+------------------------------------------------------------------------------------------------------------------------------------------------------------------------------------+


+------------------------------------------------------------------------------------------------------------------------------------------------------------------------------------------------------------------+
; Port Connectivity Checks: "alu:alu_instance|multiplier:mul_unit|partial_multiplier:partial_multipliers[1].pm"                                                                                                    ;
+----------+-------+----------+------------------------------------------------------------------------------------------------------------------------------------------------------------------------------------+
; Port     ; Type  ; Severity ; Details                                                                                                                                                                            ;
+----------+-------+----------+------------------------------------------------------------------------------------------------------------------------------------------------------------------------------------+
; shift    ; Input ; Warning  ; Input port expression (32 bits) is wider than the input port (2 bits) it drives.  The 30 most-significant bit(s) in the expression will be dangling if they have no other fanouts. ;
; shift[1] ; Input ; Info     ; Stuck at GND                                                                                                                                                                       ;
; shift[0] ; Input ; Info     ; Stuck at VCC                                                                                                                                                                       ;
+----------+-------+----------+------------------------------------------------------------------------------------------------------------------------------------------------------------------------------------+


+---------------------------------------------------------------------------------------------------------------------------------------------------------------------------------------------------------------------+
; Port Connectivity Checks: "alu:alu_instance|multiplier:mul_unit|partial_multiplier:partial_multipliers[0].pm"                                                                                                       ;
+-------------+-------+----------+------------------------------------------------------------------------------------------------------------------------------------------------------------------------------------+
; Port        ; Type  ; Severity ; Details                                                                                                                                                                            ;
+-------------+-------+----------+------------------------------------------------------------------------------------------------------------------------------------------------------------------------------------+
; shift       ; Input ; Warning  ; Input port expression (32 bits) is wider than the input port (2 bits) it drives.  The 30 most-significant bit(s) in the expression will be dangling if they have no other fanouts. ;
; shift[1..0] ; Input ; Info     ; Stuck at GND                                                                                                                                                                       ;
+-------------+-------+----------+------------------------------------------------------------------------------------------------------------------------------------------------------------------------------------+


+--------------------------------------------------------------------------------------------+
; Port Connectivity Checks: "alu:alu_instance|subtractor:sub_unit|adder:add_1_to_complement" ;
+----------+--------+----------+-------------------------------------------------------------+
; Port     ; Type   ; Severity ; Details                                                     ;
+----------+--------+----------+-------------------------------------------------------------+
; b[3..1]  ; Input  ; Info     ; Stuck at GND                                                ;
; b[0]     ; Input  ; Info     ; Stuck at VCC                                                ;
; carry    ; Output ; Info     ; Explicitly unconnected                                      ;
; overflow ; Output ; Info     ; Explicitly unconnected                                      ;
+----------+--------+----------+-------------------------------------------------------------+


+------------------------------------------------------------------+
; Port Connectivity Checks: "alu:alu_instance|subtractor:sub_unit" ;
+--------+--------+----------+-------------------------------------+
; Port   ; Type   ; Severity ; Details                             ;
+--------+--------+----------+-------------------------------------+
; borrow ; Output ; Info     ; Explicitly unconnected              ;
+--------+--------+----------+-------------------------------------+


+------------------------------------------------------------------------------------------+
; Port Connectivity Checks: "alu:alu_instance|adder:add_unit|full_adder:adder_block[0].fa" ;
+------+-------+----------+----------------------------------------------------------------+
; Port ; Type  ; Severity ; Details                                                        ;
+------+-------+----------+----------------------------------------------------------------+
; cin  ; Input ; Info     ; Stuck at GND                                                   ;
+------+-------+----------+----------------------------------------------------------------+


+-----------------------------------------------------+
; Post-Synthesis Netlist Statistics for Top Partition ;
+-----------------------+-----------------------------+
; Type                  ; Count                       ;
+-----------------------+-----------------------------+
; arriav_ff             ; 16                          ;
;     CLR               ; 16                          ;
; arriav_lcell_comb     ; 45                          ;
;     arith             ; 3                           ;
;         4 data inputs ; 3                           ;
;     extend            ; 1                           ;
;         7 data inputs ; 1                           ;
;     normal            ; 41                          ;
;         2 data inputs ; 2                           ;
;         3 data inputs ; 3                           ;
;         4 data inputs ; 7                           ;
;         5 data inputs ; 11                          ;
;         6 data inputs ; 18                          ;
; boundary_port         ; 22                          ;
;                       ;                             ;
; Max LUT depth         ; 4.00                        ;
; Average LUT depth     ; 2.72                        ;
+-----------------------+-----------------------------+


+-------------------------------+
; Elapsed Time Per Partition    ;
+----------------+--------------+
; Partition Name ; Elapsed Time ;
+----------------+--------------+
; Top            ; 00:00:00     ;
+----------------+--------------+


+-------------------------------+
; Analysis & Synthesis Messages ;
+-------------------------------+
Info: *******************************************************************
Info: Running Quartus Prime Analysis & Synthesis
    Info: Version 20.1.1 Build 720 11/11/2020 SJ Lite Edition
    Info: Processing started: Fri Mar 28 00:17:50 2025
Info: Command: quartus_map --read_settings_files=on --write_settings_files=off ALU -c ALU
Warning (18236): Number of processors has not been specified which may cause overloading on shared machines.  Set the global assignment NUM_PARALLEL_PROCESSORS in your QSF to an appropriate value for best performance.
Info (20030): Parallel compilation is enabled and will use 16 of the 16 processors detected
Info (12021): Found 1 design units, including 1 entities, in source file alu.sv
    Info (12023): Found entity 1: alu File: C:/Users/YITAN/OneDrive/Escritorio/PruebaTaller2/Rbolanos-Amunoz-Crodriguez-digital-design-lab2-2025/Pregunta2/alu.sv Line: 1
Info (12021): Found 1 design units, including 1 entities, in source file adder.sv
    Info (12023): Found entity 1: adder File: C:/Users/YITAN/OneDrive/Escritorio/PruebaTaller2/Rbolanos-Amunoz-Crodriguez-digital-design-lab2-2025/Pregunta2/adder.sv Line: 1
Info (12021): Found 1 design units, including 1 entities, in source file multiplier.sv
    Info (12023): Found entity 1: multiplier File: C:/Users/YITAN/OneDrive/Escritorio/PruebaTaller2/Rbolanos-Amunoz-Crodriguez-digital-design-lab2-2025/Pregunta2/multiplier.sv Line: 1
Info (12021): Found 1 design units, including 1 entities, in source file alu_tb.sv
    Info (12023): Found entity 1: alu_tb File: C:/Users/YITAN/OneDrive/Escritorio/PruebaTaller2/Rbolanos-Amunoz-Crodriguez-digital-design-lab2-2025/Pregunta2/alu_tb.sv Line: 1
Info (12021): Found 1 design units, including 1 entities, in source file substractor.sv
    Info (12023): Found entity 1: subtractor File: C:/Users/YITAN/OneDrive/Escritorio/PruebaTaller2/Rbolanos-Amunoz-Crodriguez-digital-design-lab2-2025/Pregunta2/substractor.sv Line: 1
Info (12021): Found 1 design units, including 1 entities, in source file full_adder.sv
    Info (12023): Found entity 1: full_adder File: C:/Users/YITAN/OneDrive/Escritorio/PruebaTaller2/Rbolanos-Amunoz-Crodriguez-digital-design-lab2-2025/Pregunta2/full_adder.sv Line: 1
Info (12021): Found 1 design units, including 1 entities, in source file top.sv
    Info (12023): Found entity 1: top File: C:/Users/YITAN/OneDrive/Escritorio/PruebaTaller2/Rbolanos-Amunoz-Crodriguez-digital-design-lab2-2025/Pregunta2/top.sv Line: 1
Info (12021): Found 1 design units, including 1 entities, in source file bin_to_7seg.sv
    Info (12023): Found entity 1: bin_to_7seg File: C:/Users/YITAN/OneDrive/Escritorio/PruebaTaller2/Rbolanos-Amunoz-Crodriguez-digital-design-lab2-2025/Pregunta2/bin_to_7seg.sv Line: 1
Info (12021): Found 1 design units, including 1 entities, in source file operation_selector.sv
    Info (12023): Found entity 1: operation_selector File: C:/Users/YITAN/OneDrive/Escritorio/PruebaTaller2/Rbolanos-Amunoz-Crodriguez-digital-design-lab2-2025/Pregunta2/operation_selector.sv Line: 1
Info (12021): Found 1 design units, including 1 entities, in source file partial_multiplier.sv
    Info (12023): Found entity 1: partial_multiplier File: C:/Users/YITAN/OneDrive/Escritorio/PruebaTaller2/Rbolanos-Amunoz-Crodriguez-digital-design-lab2-2025/Pregunta2/partial_multiplier.sv Line: 1
Info (12021): Found 1 design units, including 1 entities, in source file frequency_measurement.sv
    Info (12023): Found entity 1: frequency_measurement File: C:/Users/YITAN/OneDrive/Escritorio/PruebaTaller2/Rbolanos-Amunoz-Crodriguez-digital-design-lab2-2025/Pregunta2/frequency_measurement.sv Line: 1
Info (12021): Found 1 design units, including 1 entities, in source file register.sv
    Info (12023): Found entity 1: register File: C:/Users/YITAN/OneDrive/Escritorio/PruebaTaller2/Rbolanos-Amunoz-Crodriguez-digital-design-lab2-2025/Pregunta2/register.sv Line: 1
Info (12127): Elaborating entity "frequency_measurement" for the top level hierarchy
Info (12128): Elaborating entity "register" for hierarchy "register:reg_a_inst" File: C:/Users/YITAN/OneDrive/Escritorio/PruebaTaller2/Rbolanos-Amunoz-Crodriguez-digital-design-lab2-2025/Pregunta2/frequency_measurement.sv Line: 23
Info (12128): Elaborating entity "alu" for hierarchy "alu:alu_instance" File: C:/Users/YITAN/OneDrive/Escritorio/PruebaTaller2/Rbolanos-Amunoz-Crodriguez-digital-design-lab2-2025/Pregunta2/frequency_measurement.sv Line: 44
Info (12128): Elaborating entity "adder" for hierarchy "alu:alu_instance|adder:add_unit" File: C:/Users/YITAN/OneDrive/Escritorio/PruebaTaller2/Rbolanos-Amunoz-Crodriguez-digital-design-lab2-2025/Pregunta2/alu.sv Line: 24
Info (12128): Elaborating entity "full_adder" for hierarchy "alu:alu_instance|adder:add_unit|full_adder:adder_block[0].fa" File: C:/Users/YITAN/OneDrive/Escritorio/PruebaTaller2/Rbolanos-Amunoz-Crodriguez-digital-design-lab2-2025/Pregunta2/adder.sv Line: 29
Info (12128): Elaborating entity "subtractor" for hierarchy "alu:alu_instance|subtractor:sub_unit" File: C:/Users/YITAN/OneDrive/Escritorio/PruebaTaller2/Rbolanos-Amunoz-Crodriguez-digital-design-lab2-2025/Pregunta2/alu.sv Line: 33
Info (12128): Elaborating entity "multiplier" for hierarchy "alu:alu_instance|multiplier:mul_unit" File: C:/Users/YITAN/OneDrive/Escritorio/PruebaTaller2/Rbolanos-Amunoz-Crodriguez-digital-design-lab2-2025/Pregunta2/alu.sv Line: 40
Info (12128): Elaborating entity "partial_multiplier" for hierarchy "alu:alu_instance|multiplier:mul_unit|partial_multiplier:partial_multipliers[0].pm" File: C:/Users/YITAN/OneDrive/Escritorio/PruebaTaller2/Rbolanos-Amunoz-Crodriguez-digital-design-lab2-2025/Pregunta2/multiplier.sv Line: 22
Info (12128): Elaborating entity "register" for hierarchy "register:reg_N_inst" File: C:/Users/YITAN/OneDrive/Escritorio/PruebaTaller2/Rbolanos-Amunoz-Crodriguez-digital-design-lab2-2025/Pregunta2/frequency_measurement.sv Line: 60
Warning (12241): 4 hierarchies have connectivity warnings - see the Connectivity Checks report folder
Info (286030): Timing-Driven Synthesis is running
Info (16010): Generating hard_block partition "hard_block:auto_generated_inst"
    Info (16011): Adding 0 node(s), including 0 DDIO, 0 PLL, 0 transceiver and 0 LCELL
Info (21057): Implemented 80 device resources after synthesis - the final resource count might be different
    Info (21058): Implemented 14 input pins
    Info (21059): Implemented 8 output pins
    Info (21061): Implemented 58 logic cells
Info: Quartus Prime Analysis & Synthesis was successful. 0 errors, 2 warnings
    Info: Peak virtual memory: 4888 megabytes
    Info: Processing ended: Fri Mar 28 00:17:55 2025
    Info: Elapsed time: 00:00:05
    Info: Total CPU time (on all processors): 00:00:10


