Analysis & Elaboration report for ALU
Sat Mar 22 15:23:38 2025
Quartus Prime Version 22.1std.0 Build 915 10/25/2022 SC Lite Edition


---------------------
; Table of Contents ;
---------------------
  1. Legal Notice
  2. Analysis & Elaboration Summary
  3. Parallel Compilation
  4. Parameter Settings for User Entity Instance: alu:my_alu
  5. Parameter Settings for User Entity Instance: alu:my_alu|adder:add_unit
  6. Parameter Settings for User Entity Instance: alu:my_alu|adder:add_unit|full_adder:adder_block[0].fa
  7. Parameter Settings for User Entity Instance: alu:my_alu|adder:add_unit|full_adder:adder_block[1].fa
  8. Parameter Settings for User Entity Instance: alu:my_alu|adder:add_unit|full_adder:adder_block[2].fa
  9. Parameter Settings for User Entity Instance: alu:my_alu|adder:add_unit|full_adder:adder_block[3].fa
 10. Parameter Settings for User Entity Instance: alu:my_alu|subtractor:sub_unit
 11. Parameter Settings for User Entity Instance: alu:my_alu|subtractor:sub_unit|adder:add_1_to_complement
 12. Parameter Settings for User Entity Instance: alu:my_alu|subtractor:sub_unit|adder:add_1_to_complement|full_adder:adder_block[0].fa
 13. Parameter Settings for User Entity Instance: alu:my_alu|subtractor:sub_unit|adder:add_1_to_complement|full_adder:adder_block[1].fa
 14. Parameter Settings for User Entity Instance: alu:my_alu|subtractor:sub_unit|adder:add_1_to_complement|full_adder:adder_block[2].fa
 15. Parameter Settings for User Entity Instance: alu:my_alu|subtractor:sub_unit|adder:add_1_to_complement|full_adder:adder_block[3].fa
 16. Parameter Settings for User Entity Instance: alu:my_alu|subtractor:sub_unit|adder:subtract_add
 17. Parameter Settings for User Entity Instance: alu:my_alu|subtractor:sub_unit|adder:subtract_add|full_adder:adder_block[0].fa
 18. Parameter Settings for User Entity Instance: alu:my_alu|subtractor:sub_unit|adder:subtract_add|full_adder:adder_block[1].fa
 19. Parameter Settings for User Entity Instance: alu:my_alu|subtractor:sub_unit|adder:subtract_add|full_adder:adder_block[2].fa
 20. Parameter Settings for User Entity Instance: alu:my_alu|subtractor:sub_unit|adder:subtract_add|full_adder:adder_block[3].fa
 21. Parameter Settings for User Entity Instance: alu:my_alu|multiplier:mul_unit
 22. Parameter Settings for User Entity Instance: alu:my_alu|multiplier:mul_unit|partial_multiplier:partial_multipliers[0].pm
 23. Parameter Settings for User Entity Instance: alu:my_alu|multiplier:mul_unit|partial_multiplier:partial_multipliers[1].pm
 24. Parameter Settings for User Entity Instance: alu:my_alu|multiplier:mul_unit|partial_multiplier:partial_multipliers[2].pm
 25. Parameter Settings for User Entity Instance: alu:my_alu|multiplier:mul_unit|partial_multiplier:partial_multipliers[3].pm
 26. Analysis & Elaboration Settings
 27. Port Connectivity Checks: "alu:my_alu|multiplier:mul_unit|partial_multiplier:partial_multipliers[3].pm"
 28. Port Connectivity Checks: "alu:my_alu|multiplier:mul_unit|partial_multiplier:partial_multipliers[2].pm"
 29. Port Connectivity Checks: "alu:my_alu|multiplier:mul_unit|partial_multiplier:partial_multipliers[1].pm"
 30. Port Connectivity Checks: "alu:my_alu|multiplier:mul_unit|partial_multiplier:partial_multipliers[0].pm"
 31. Port Connectivity Checks: "alu:my_alu|subtractor:sub_unit|adder:add_1_to_complement"
 32. Port Connectivity Checks: "alu:my_alu|subtractor:sub_unit"
 33. Port Connectivity Checks: "alu:my_alu|adder:add_unit|full_adder:adder_block[0].fa"
 34. Analysis & Elaboration Messages



----------------
; Legal Notice ;
----------------
Copyright (C) 2022  Intel Corporation. All rights reserved.
Your use of Intel Corporation's design tools, logic functions 
and other software and tools, and any partner logic 
functions, and any output files from any of the foregoing 
(including device programming or simulation files), and any 
associated documentation or information are expressly subject 
to the terms and conditions of the Intel Program License 
Subscription Agreement, the Intel Quartus Prime License Agreement,
the Intel FPGA IP License Agreement, or other applicable license
agreement, including, without limitation, that your use is for
the sole purpose of programming logic devices manufactured by
Intel and sold by Intel or its authorized distributors.  Please
refer to the applicable agreement for further details, at
https://fpgasoftware.intel.com/eula.



+--------------------------------------------------------------------------------+
; Analysis & Elaboration Summary                                                 ;
+-------------------------------+------------------------------------------------+
; Analysis & Elaboration Status ; Successful - Sat Mar 22 15:23:38 2025          ;
; Quartus Prime Version         ; 22.1std.0 Build 915 10/25/2022 SC Lite Edition ;
; Revision Name                 ; ALU                                            ;
; Top-level Entity Name         ; top                                            ;
; Family                        ; Cyclone V                                      ;
; Logic utilization (in ALMs)   ; N/A until Partition Merge                      ;
; Total registers               ; N/A until Partition Merge                      ;
; Total pins                    ; N/A until Partition Merge                      ;
; Total virtual pins            ; N/A until Partition Merge                      ;
; Total block memory bits       ; N/A until Partition Merge                      ;
; Total PLLs                    ; N/A until Partition Merge                      ;
; Total DLLs                    ; N/A until Partition Merge                      ;
+-------------------------------+------------------------------------------------+


+------------------------------------------+
; Parallel Compilation                     ;
+----------------------------+-------------+
; Processors                 ; Number      ;
+----------------------------+-------------+
; Number detected on machine ; 8           ;
; Maximum allowed            ; 8           ;
;                            ;             ;
; Average used               ; 1.00        ;
; Maximum used               ; 1           ;
;                            ;             ;
; Usage by Processor         ; % Time Used ;
;     Processor 1            ; 100.0%      ;
+----------------------------+-------------+


+---------------------------------------------------------+
; Parameter Settings for User Entity Instance: alu:my_alu ;
+----------------+-------+--------------------------------+
; Parameter Name ; Value ; Type                           ;
+----------------+-------+--------------------------------+
; WIDTH          ; 4     ; Signed Integer                 ;
+----------------+-------+--------------------------------+
Note: In order to hide this table in the UI and the text report file, please set the "Show Parameter Settings in Synthesis Report" option in "Analysis and Synthesis Settings -> More Settings" to "Off".


+------------------------------------------------------------------------+
; Parameter Settings for User Entity Instance: alu:my_alu|adder:add_unit ;
+----------------+-------+-----------------------------------------------+
; Parameter Name ; Value ; Type                                          ;
+----------------+-------+-----------------------------------------------+
; WIDTH          ; 4     ; Signed Integer                                ;
+----------------+-------+-----------------------------------------------+
Note: In order to hide this table in the UI and the text report file, please set the "Show Parameter Settings in Synthesis Report" option in "Analysis and Synthesis Settings -> More Settings" to "Off".


+-----------------------------------------------------------------------------------------------------+
; Parameter Settings for User Entity Instance: alu:my_alu|adder:add_unit|full_adder:adder_block[0].fa ;
+----------------+-------+----------------------------------------------------------------------------+
; Parameter Name ; Value ; Type                                                                       ;
+----------------+-------+----------------------------------------------------------------------------+
; WIDTH          ; 1     ; Signed Integer                                                             ;
+----------------+-------+----------------------------------------------------------------------------+
Note: In order to hide this table in the UI and the text report file, please set the "Show Parameter Settings in Synthesis Report" option in "Analysis and Synthesis Settings -> More Settings" to "Off".


+-----------------------------------------------------------------------------------------------------+
; Parameter Settings for User Entity Instance: alu:my_alu|adder:add_unit|full_adder:adder_block[1].fa ;
+----------------+-------+----------------------------------------------------------------------------+
; Parameter Name ; Value ; Type                                                                       ;
+----------------+-------+----------------------------------------------------------------------------+
; WIDTH          ; 1     ; Signed Integer                                                             ;
+----------------+-------+----------------------------------------------------------------------------+
Note: In order to hide this table in the UI and the text report file, please set the "Show Parameter Settings in Synthesis Report" option in "Analysis and Synthesis Settings -> More Settings" to "Off".


+-----------------------------------------------------------------------------------------------------+
; Parameter Settings for User Entity Instance: alu:my_alu|adder:add_unit|full_adder:adder_block[2].fa ;
+----------------+-------+----------------------------------------------------------------------------+
; Parameter Name ; Value ; Type                                                                       ;
+----------------+-------+----------------------------------------------------------------------------+
; WIDTH          ; 1     ; Signed Integer                                                             ;
+----------------+-------+----------------------------------------------------------------------------+
Note: In order to hide this table in the UI and the text report file, please set the "Show Parameter Settings in Synthesis Report" option in "Analysis and Synthesis Settings -> More Settings" to "Off".


+-----------------------------------------------------------------------------------------------------+
; Parameter Settings for User Entity Instance: alu:my_alu|adder:add_unit|full_adder:adder_block[3].fa ;
+----------------+-------+----------------------------------------------------------------------------+
; Parameter Name ; Value ; Type                                                                       ;
+----------------+-------+----------------------------------------------------------------------------+
; WIDTH          ; 1     ; Signed Integer                                                             ;
+----------------+-------+----------------------------------------------------------------------------+
Note: In order to hide this table in the UI and the text report file, please set the "Show Parameter Settings in Synthesis Report" option in "Analysis and Synthesis Settings -> More Settings" to "Off".


+-----------------------------------------------------------------------------+
; Parameter Settings for User Entity Instance: alu:my_alu|subtractor:sub_unit ;
+----------------+-------+----------------------------------------------------+
; Parameter Name ; Value ; Type                                               ;
+----------------+-------+----------------------------------------------------+
; WIDTH          ; 4     ; Signed Integer                                     ;
+----------------+-------+----------------------------------------------------+
Note: In order to hide this table in the UI and the text report file, please set the "Show Parameter Settings in Synthesis Report" option in "Analysis and Synthesis Settings -> More Settings" to "Off".


+-------------------------------------------------------------------------------------------------------+
; Parameter Settings for User Entity Instance: alu:my_alu|subtractor:sub_unit|adder:add_1_to_complement ;
+----------------+-------+------------------------------------------------------------------------------+
; Parameter Name ; Value ; Type                                                                         ;
+----------------+-------+------------------------------------------------------------------------------+
; WIDTH          ; 4     ; Signed Integer                                                               ;
+----------------+-------+------------------------------------------------------------------------------+
Note: In order to hide this table in the UI and the text report file, please set the "Show Parameter Settings in Synthesis Report" option in "Analysis and Synthesis Settings -> More Settings" to "Off".


+------------------------------------------------------------------------------------------------------------------------------------+
; Parameter Settings for User Entity Instance: alu:my_alu|subtractor:sub_unit|adder:add_1_to_complement|full_adder:adder_block[0].fa ;
+----------------+-------+-----------------------------------------------------------------------------------------------------------+
; Parameter Name ; Value ; Type                                                                                                      ;
+----------------+-------+-----------------------------------------------------------------------------------------------------------+
; WIDTH          ; 1     ; Signed Integer                                                                                            ;
+----------------+-------+-----------------------------------------------------------------------------------------------------------+
Note: In order to hide this table in the UI and the text report file, please set the "Show Parameter Settings in Synthesis Report" option in "Analysis and Synthesis Settings -> More Settings" to "Off".


+------------------------------------------------------------------------------------------------------------------------------------+
; Parameter Settings for User Entity Instance: alu:my_alu|subtractor:sub_unit|adder:add_1_to_complement|full_adder:adder_block[1].fa ;
+----------------+-------+-----------------------------------------------------------------------------------------------------------+
; Parameter Name ; Value ; Type                                                                                                      ;
+----------------+-------+-----------------------------------------------------------------------------------------------------------+
; WIDTH          ; 1     ; Signed Integer                                                                                            ;
+----------------+-------+-----------------------------------------------------------------------------------------------------------+
Note: In order to hide this table in the UI and the text report file, please set the "Show Parameter Settings in Synthesis Report" option in "Analysis and Synthesis Settings -> More Settings" to "Off".


+------------------------------------------------------------------------------------------------------------------------------------+
; Parameter Settings for User Entity Instance: alu:my_alu|subtractor:sub_unit|adder:add_1_to_complement|full_adder:adder_block[2].fa ;
+----------------+-------+-----------------------------------------------------------------------------------------------------------+
; Parameter Name ; Value ; Type                                                                                                      ;
+----------------+-------+-----------------------------------------------------------------------------------------------------------+
; WIDTH          ; 1     ; Signed Integer                                                                                            ;
+----------------+-------+-----------------------------------------------------------------------------------------------------------+
Note: In order to hide this table in the UI and the text report file, please set the "Show Parameter Settings in Synthesis Report" option in "Analysis and Synthesis Settings -> More Settings" to "Off".


+------------------------------------------------------------------------------------------------------------------------------------+
; Parameter Settings for User Entity Instance: alu:my_alu|subtractor:sub_unit|adder:add_1_to_complement|full_adder:adder_block[3].fa ;
+----------------+-------+-----------------------------------------------------------------------------------------------------------+
; Parameter Name ; Value ; Type                                                                                                      ;
+----------------+-------+-----------------------------------------------------------------------------------------------------------+
; WIDTH          ; 1     ; Signed Integer                                                                                            ;
+----------------+-------+-----------------------------------------------------------------------------------------------------------+
Note: In order to hide this table in the UI and the text report file, please set the "Show Parameter Settings in Synthesis Report" option in "Analysis and Synthesis Settings -> More Settings" to "Off".


+------------------------------------------------------------------------------------------------+
; Parameter Settings for User Entity Instance: alu:my_alu|subtractor:sub_unit|adder:subtract_add ;
+----------------+-------+-----------------------------------------------------------------------+
; Parameter Name ; Value ; Type                                                                  ;
+----------------+-------+-----------------------------------------------------------------------+
; WIDTH          ; 4     ; Signed Integer                                                        ;
+----------------+-------+-----------------------------------------------------------------------+
Note: In order to hide this table in the UI and the text report file, please set the "Show Parameter Settings in Synthesis Report" option in "Analysis and Synthesis Settings -> More Settings" to "Off".


+-----------------------------------------------------------------------------------------------------------------------------+
; Parameter Settings for User Entity Instance: alu:my_alu|subtractor:sub_unit|adder:subtract_add|full_adder:adder_block[0].fa ;
+----------------+-------+----------------------------------------------------------------------------------------------------+
; Parameter Name ; Value ; Type                                                                                               ;
+----------------+-------+----------------------------------------------------------------------------------------------------+
; WIDTH          ; 1     ; Signed Integer                                                                                     ;
+----------------+-------+----------------------------------------------------------------------------------------------------+
Note: In order to hide this table in the UI and the text report file, please set the "Show Parameter Settings in Synthesis Report" option in "Analysis and Synthesis Settings -> More Settings" to "Off".


+-----------------------------------------------------------------------------------------------------------------------------+
; Parameter Settings for User Entity Instance: alu:my_alu|subtractor:sub_unit|adder:subtract_add|full_adder:adder_block[1].fa ;
+----------------+-------+----------------------------------------------------------------------------------------------------+
; Parameter Name ; Value ; Type                                                                                               ;
+----------------+-------+----------------------------------------------------------------------------------------------------+
; WIDTH          ; 1     ; Signed Integer                                                                                     ;
+----------------+-------+----------------------------------------------------------------------------------------------------+
Note: In order to hide this table in the UI and the text report file, please set the "Show Parameter Settings in Synthesis Report" option in "Analysis and Synthesis Settings -> More Settings" to "Off".


+-----------------------------------------------------------------------------------------------------------------------------+
; Parameter Settings for User Entity Instance: alu:my_alu|subtractor:sub_unit|adder:subtract_add|full_adder:adder_block[2].fa ;
+----------------+-------+----------------------------------------------------------------------------------------------------+
; Parameter Name ; Value ; Type                                                                                               ;
+----------------+-------+----------------------------------------------------------------------------------------------------+
; WIDTH          ; 1     ; Signed Integer                                                                                     ;
+----------------+-------+----------------------------------------------------------------------------------------------------+
Note: In order to hide this table in the UI and the text report file, please set the "Show Parameter Settings in Synthesis Report" option in "Analysis and Synthesis Settings -> More Settings" to "Off".


+-----------------------------------------------------------------------------------------------------------------------------+
; Parameter Settings for User Entity Instance: alu:my_alu|subtractor:sub_unit|adder:subtract_add|full_adder:adder_block[3].fa ;
+----------------+-------+----------------------------------------------------------------------------------------------------+
; Parameter Name ; Value ; Type                                                                                               ;
+----------------+-------+----------------------------------------------------------------------------------------------------+
; WIDTH          ; 1     ; Signed Integer                                                                                     ;
+----------------+-------+----------------------------------------------------------------------------------------------------+
Note: In order to hide this table in the UI and the text report file, please set the "Show Parameter Settings in Synthesis Report" option in "Analysis and Synthesis Settings -> More Settings" to "Off".


+-----------------------------------------------------------------------------+
; Parameter Settings for User Entity Instance: alu:my_alu|multiplier:mul_unit ;
+----------------+-------+----------------------------------------------------+
; Parameter Name ; Value ; Type                                               ;
+----------------+-------+----------------------------------------------------+
; WIDTH          ; 4     ; Signed Integer                                     ;
+----------------+-------+----------------------------------------------------+
Note: In order to hide this table in the UI and the text report file, please set the "Show Parameter Settings in Synthesis Report" option in "Analysis and Synthesis Settings -> More Settings" to "Off".


+--------------------------------------------------------------------------------------------------------------------------+
; Parameter Settings for User Entity Instance: alu:my_alu|multiplier:mul_unit|partial_multiplier:partial_multipliers[0].pm ;
+----------------+-------+-------------------------------------------------------------------------------------------------+
; Parameter Name ; Value ; Type                                                                                            ;
+----------------+-------+-------------------------------------------------------------------------------------------------+
; WIDTH          ; 4     ; Signed Integer                                                                                  ;
+----------------+-------+-------------------------------------------------------------------------------------------------+
Note: In order to hide this table in the UI and the text report file, please set the "Show Parameter Settings in Synthesis Report" option in "Analysis and Synthesis Settings -> More Settings" to "Off".


+--------------------------------------------------------------------------------------------------------------------------+
; Parameter Settings for User Entity Instance: alu:my_alu|multiplier:mul_unit|partial_multiplier:partial_multipliers[1].pm ;
+----------------+-------+-------------------------------------------------------------------------------------------------+
; Parameter Name ; Value ; Type                                                                                            ;
+----------------+-------+-------------------------------------------------------------------------------------------------+
; WIDTH          ; 4     ; Signed Integer                                                                                  ;
+----------------+-------+-------------------------------------------------------------------------------------------------+
Note: In order to hide this table in the UI and the text report file, please set the "Show Parameter Settings in Synthesis Report" option in "Analysis and Synthesis Settings -> More Settings" to "Off".


+--------------------------------------------------------------------------------------------------------------------------+
; Parameter Settings for User Entity Instance: alu:my_alu|multiplier:mul_unit|partial_multiplier:partial_multipliers[2].pm ;
+----------------+-------+-------------------------------------------------------------------------------------------------+
; Parameter Name ; Value ; Type                                                                                            ;
+----------------+-------+-------------------------------------------------------------------------------------------------+
; WIDTH          ; 4     ; Signed Integer                                                                                  ;
+----------------+-------+-------------------------------------------------------------------------------------------------+
Note: In order to hide this table in the UI and the text report file, please set the "Show Parameter Settings in Synthesis Report" option in "Analysis and Synthesis Settings -> More Settings" to "Off".


+--------------------------------------------------------------------------------------------------------------------------+
; Parameter Settings for User Entity Instance: alu:my_alu|multiplier:mul_unit|partial_multiplier:partial_multipliers[3].pm ;
+----------------+-------+-------------------------------------------------------------------------------------------------+
; Parameter Name ; Value ; Type                                                                                            ;
+----------------+-------+-------------------------------------------------------------------------------------------------+
; WIDTH          ; 4     ; Signed Integer                                                                                  ;
+----------------+-------+-------------------------------------------------------------------------------------------------+
Note: In order to hide this table in the UI and the text report file, please set the "Show Parameter Settings in Synthesis Report" option in "Analysis and Synthesis Settings -> More Settings" to "Off".


+---------------------------------------------------------------------------------------------------------------------------+
; Analysis & Elaboration Settings                                                                                           ;
+---------------------------------------------------------------------------------+--------------------+--------------------+
; Option                                                                          ; Setting            ; Default Value      ;
+---------------------------------------------------------------------------------+--------------------+--------------------+
; Device                                                                          ; 5CSXFC6D6F31C6     ;                    ;
; Top-level entity name                                                           ; top                ; ALU                ;
; Family name                                                                     ; Cyclone V          ; Cyclone V          ;
; Use smart compilation                                                           ; Off                ; Off                ;
; Enable parallel Assembler and Timing Analyzer during compilation                ; On                 ; On                 ;
; Enable compact report table                                                     ; Off                ; Off                ;
; Restructure Multiplexers                                                        ; Auto               ; Auto               ;
; MLAB Add Timing Constraints For Mixed-Port Feed-Through Mode Setting Don't Care ; Off                ; Off                ;
; Create Debugging Nodes for IP Cores                                             ; Off                ; Off                ;
; Preserve fewer node names                                                       ; On                 ; On                 ;
; Intel FPGA IP Evaluation Mode                                                   ; Enable             ; Enable             ;
; Verilog Version                                                                 ; Verilog_2001       ; Verilog_2001       ;
; VHDL Version                                                                    ; VHDL_1993          ; VHDL_1993          ;
; State Machine Processing                                                        ; Auto               ; Auto               ;
; Safe State Machine                                                              ; Off                ; Off                ;
; Extract Verilog State Machines                                                  ; On                 ; On                 ;
; Extract VHDL State Machines                                                     ; On                 ; On                 ;
; Ignore Verilog initial constructs                                               ; Off                ; Off                ;
; Iteration limit for constant Verilog loops                                      ; 5000               ; 5000               ;
; Iteration limit for non-constant Verilog loops                                  ; 250                ; 250                ;
; Add Pass-Through Logic to Inferred RAMs                                         ; On                 ; On                 ;
; Infer RAMs from Raw Logic                                                       ; On                 ; On                 ;
; Parallel Synthesis                                                              ; On                 ; On                 ;
; DSP Block Balancing                                                             ; Auto               ; Auto               ;
; NOT Gate Push-Back                                                              ; On                 ; On                 ;
; Power-Up Don't Care                                                             ; On                 ; On                 ;
; Remove Redundant Logic Cells                                                    ; Off                ; Off                ;
; Remove Duplicate Registers                                                      ; On                 ; On                 ;
; Ignore CARRY Buffers                                                            ; Off                ; Off                ;
; Ignore CASCADE Buffers                                                          ; Off                ; Off                ;
; Ignore GLOBAL Buffers                                                           ; Off                ; Off                ;
; Ignore ROW GLOBAL Buffers                                                       ; Off                ; Off                ;
; Ignore LCELL Buffers                                                            ; Off                ; Off                ;
; Ignore SOFT Buffers                                                             ; On                 ; On                 ;
; Limit AHDL Integers to 32 Bits                                                  ; Off                ; Off                ;
; Optimization Technique                                                          ; Balanced           ; Balanced           ;
; Carry Chain Length                                                              ; 70                 ; 70                 ;
; Auto Carry Chains                                                               ; On                 ; On                 ;
; Auto Open-Drain Pins                                                            ; On                 ; On                 ;
; Perform WYSIWYG Primitive Resynthesis                                           ; Off                ; Off                ;
; Auto ROM Replacement                                                            ; On                 ; On                 ;
; Auto RAM Replacement                                                            ; On                 ; On                 ;
; Auto DSP Block Replacement                                                      ; On                 ; On                 ;
; Auto Shift Register Replacement                                                 ; Auto               ; Auto               ;
; Allow Shift Register Merging across Hierarchies                                 ; Auto               ; Auto               ;
; Auto Clock Enable Replacement                                                   ; On                 ; On                 ;
; Strict RAM Replacement                                                          ; Off                ; Off                ;
; Allow Synchronous Control Signals                                               ; On                 ; On                 ;
; Force Use of Synchronous Clear Signals                                          ; Off                ; Off                ;
; Auto Resource Sharing                                                           ; Off                ; Off                ;
; Allow Any RAM Size For Recognition                                              ; Off                ; Off                ;
; Allow Any ROM Size For Recognition                                              ; Off                ; Off                ;
; Allow Any Shift Register Size For Recognition                                   ; Off                ; Off                ;
; Use LogicLock Constraints during Resource Balancing                             ; On                 ; On                 ;
; Ignore translate_off and synthesis_off directives                               ; Off                ; Off                ;
; Timing-Driven Synthesis                                                         ; On                 ; On                 ;
; Report Parameter Settings                                                       ; On                 ; On                 ;
; Report Source Assignments                                                       ; On                 ; On                 ;
; Report Connectivity Checks                                                      ; On                 ; On                 ;
; Ignore Maximum Fan-Out Assignments                                              ; Off                ; Off                ;
; Synchronization Register Chain Length                                           ; 3                  ; 3                  ;
; Power Optimization During Synthesis                                             ; Normal compilation ; Normal compilation ;
; HDL message level                                                               ; Level2             ; Level2             ;
; Suppress Register Optimization Related Messages                                 ; Off                ; Off                ;
; Number of Removed Registers Reported in Synthesis Report                        ; 5000               ; 5000               ;
; Number of Swept Nodes Reported in Synthesis Report                              ; 5000               ; 5000               ;
; Number of Inverted Registers Reported in Synthesis Report                       ; 100                ; 100                ;
; Clock MUX Protection                                                            ; On                 ; On                 ;
; Auto Gated Clock Conversion                                                     ; Off                ; Off                ;
; Block Design Naming                                                             ; Auto               ; Auto               ;
; SDC constraint protection                                                       ; Off                ; Off                ;
; Synthesis Effort                                                                ; Auto               ; Auto               ;
; Shift Register Replacement - Allow Asynchronous Clear Signal                    ; On                 ; On                 ;
; Pre-Mapping Resynthesis Optimization                                            ; Off                ; Off                ;
; Analysis & Synthesis Message Level                                              ; Medium             ; Medium             ;
; Disable Register Merging Across Hierarchies                                     ; Auto               ; Auto               ;
; Resource Aware Inference For Block RAM                                          ; On                 ; On                 ;
; Automatic Parallel Synthesis                                                    ; On                 ; On                 ;
; Partial Reconfiguration Bitstream ID                                            ; Off                ; Off                ;
+---------------------------------------------------------------------------------+--------------------+--------------------+


+---------------------------------------------------------------------------------------------------------------------------------------------------------------------------------------------------------------------+
; Port Connectivity Checks: "alu:my_alu|multiplier:mul_unit|partial_multiplier:partial_multipliers[3].pm"                                                                                                             ;
+-------------+-------+----------+------------------------------------------------------------------------------------------------------------------------------------------------------------------------------------+
; Port        ; Type  ; Severity ; Details                                                                                                                                                                            ;
+-------------+-------+----------+------------------------------------------------------------------------------------------------------------------------------------------------------------------------------------+
; shift       ; Input ; Warning  ; Input port expression (32 bits) is wider than the input port (2 bits) it drives.  The 30 most-significant bit(s) in the expression will be dangling if they have no other fanouts. ;
; shift[1..0] ; Input ; Info     ; Stuck at VCC                                                                                                                                                                       ;
+-------------+-------+----------+------------------------------------------------------------------------------------------------------------------------------------------------------------------------------------+


+------------------------------------------------------------------------------------------------------------------------------------------------------------------------------------------------------------------+
; Port Connectivity Checks: "alu:my_alu|multiplier:mul_unit|partial_multiplier:partial_multipliers[2].pm"                                                                                                          ;
+----------+-------+----------+------------------------------------------------------------------------------------------------------------------------------------------------------------------------------------+
; Port     ; Type  ; Severity ; Details                                                                                                                                                                            ;
+----------+-------+----------+------------------------------------------------------------------------------------------------------------------------------------------------------------------------------------+
; shift    ; Input ; Warning  ; Input port expression (32 bits) is wider than the input port (2 bits) it drives.  The 30 most-significant bit(s) in the expression will be dangling if they have no other fanouts. ;
; shift[1] ; Input ; Info     ; Stuck at VCC                                                                                                                                                                       ;
; shift[0] ; Input ; Info     ; Stuck at GND                                                                                                                                                                       ;
+----------+-------+----------+------------------------------------------------------------------------------------------------------------------------------------------------------------------------------------+


+------------------------------------------------------------------------------------------------------------------------------------------------------------------------------------------------------------------+
; Port Connectivity Checks: "alu:my_alu|multiplier:mul_unit|partial_multiplier:partial_multipliers[1].pm"                                                                                                          ;
+----------+-------+----------+------------------------------------------------------------------------------------------------------------------------------------------------------------------------------------+
; Port     ; Type  ; Severity ; Details                                                                                                                                                                            ;
+----------+-------+----------+------------------------------------------------------------------------------------------------------------------------------------------------------------------------------------+
; shift    ; Input ; Warning  ; Input port expression (32 bits) is wider than the input port (2 bits) it drives.  The 30 most-significant bit(s) in the expression will be dangling if they have no other fanouts. ;
; shift[1] ; Input ; Info     ; Stuck at GND                                                                                                                                                                       ;
; shift[0] ; Input ; Info     ; Stuck at VCC                                                                                                                                                                       ;
+----------+-------+----------+------------------------------------------------------------------------------------------------------------------------------------------------------------------------------------+


+---------------------------------------------------------------------------------------------------------------------------------------------------------------------------------------------------------------------+
; Port Connectivity Checks: "alu:my_alu|multiplier:mul_unit|partial_multiplier:partial_multipliers[0].pm"                                                                                                             ;
+-------------+-------+----------+------------------------------------------------------------------------------------------------------------------------------------------------------------------------------------+
; Port        ; Type  ; Severity ; Details                                                                                                                                                                            ;
+-------------+-------+----------+------------------------------------------------------------------------------------------------------------------------------------------------------------------------------------+
; shift       ; Input ; Warning  ; Input port expression (32 bits) is wider than the input port (2 bits) it drives.  The 30 most-significant bit(s) in the expression will be dangling if they have no other fanouts. ;
; shift[1..0] ; Input ; Info     ; Stuck at GND                                                                                                                                                                       ;
+-------------+-------+----------+------------------------------------------------------------------------------------------------------------------------------------------------------------------------------------+


+--------------------------------------------------------------------------------------+
; Port Connectivity Checks: "alu:my_alu|subtractor:sub_unit|adder:add_1_to_complement" ;
+----------+--------+----------+-------------------------------------------------------+
; Port     ; Type   ; Severity ; Details                                               ;
+----------+--------+----------+-------------------------------------------------------+
; b[3..1]  ; Input  ; Info     ; Stuck at GND                                          ;
; b[0]     ; Input  ; Info     ; Stuck at VCC                                          ;
; carry    ; Output ; Info     ; Explicitly unconnected                                ;
; overflow ; Output ; Info     ; Explicitly unconnected                                ;
+----------+--------+----------+-------------------------------------------------------+


+------------------------------------------------------------+
; Port Connectivity Checks: "alu:my_alu|subtractor:sub_unit" ;
+--------+--------+----------+-------------------------------+
; Port   ; Type   ; Severity ; Details                       ;
+--------+--------+----------+-------------------------------+
; borrow ; Output ; Info     ; Explicitly unconnected        ;
+--------+--------+----------+-------------------------------+


+------------------------------------------------------------------------------------+
; Port Connectivity Checks: "alu:my_alu|adder:add_unit|full_adder:adder_block[0].fa" ;
+------+-------+----------+----------------------------------------------------------+
; Port ; Type  ; Severity ; Details                                                  ;
+------+-------+----------+----------------------------------------------------------+
; cin  ; Input ; Info     ; Stuck at GND                                             ;
+------+-------+----------+----------------------------------------------------------+


+---------------------------------+
; Analysis & Elaboration Messages ;
+---------------------------------+
Info: *******************************************************************
Info: Running Quartus Prime Analysis & Elaboration
    Info: Version 22.1std.0 Build 915 10/25/2022 SC Lite Edition
    Info: Processing started: Sat Mar 22 15:23:31 2025
Info: Command: quartus_map --read_settings_files=on --write_settings_files=off ALU -c ALU --analysis_and_elaboration
Warning (18236): Number of processors has not been specified which may cause overloading on shared machines.  Set the global assignment NUM_PARALLEL_PROCESSORS in your QSF to an appropriate value for best performance.
Info (20030): Parallel compilation is enabled and will use 8 of the 8 processors detected
Info (12021): Found 1 design units, including 1 entities, in source file alu.sv
    Info (12023): Found entity 1: alu File: C:/Users/Windows11Virtual/Desktop/Rbolanos-Amunoz-Crodriguez-digital-design-lab2-2025/Pregunta1/alu.sv Line: 3
Info (12021): Found 1 design units, including 1 entities, in source file adder.sv
    Info (12023): Found entity 1: adder File: C:/Users/Windows11Virtual/Desktop/Rbolanos-Amunoz-Crodriguez-digital-design-lab2-2025/Pregunta1/adder.sv Line: 1
Info (12021): Found 1 design units, including 1 entities, in source file multiplier.sv
    Info (12023): Found entity 1: multiplier File: C:/Users/Windows11Virtual/Desktop/Rbolanos-Amunoz-Crodriguez-digital-design-lab2-2025/Pregunta1/multiplier.sv Line: 1
Info (12021): Found 1 design units, including 1 entities, in source file alu_tb.sv
    Info (12023): Found entity 1: alu_tb File: C:/Users/Windows11Virtual/Desktop/Rbolanos-Amunoz-Crodriguez-digital-design-lab2-2025/Pregunta1/alu_tb.sv Line: 1
Info (12021): Found 1 design units, including 1 entities, in source file substractor.sv
    Info (12023): Found entity 1: subtractor File: C:/Users/Windows11Virtual/Desktop/Rbolanos-Amunoz-Crodriguez-digital-design-lab2-2025/Pregunta1/substractor.sv Line: 1
Info (12021): Found 1 design units, including 1 entities, in source file full_adder.sv
    Info (12023): Found entity 1: full_adder File: C:/Users/Windows11Virtual/Desktop/Rbolanos-Amunoz-Crodriguez-digital-design-lab2-2025/Pregunta1/full_adder.sv Line: 1
Info (12021): Found 1 design units, including 1 entities, in source file top.sv
    Info (12023): Found entity 1: top File: C:/Users/Windows11Virtual/Desktop/Rbolanos-Amunoz-Crodriguez-digital-design-lab2-2025/Pregunta1/top.sv Line: 1
Info (12021): Found 1 design units, including 1 entities, in source file bin_to_7seg.sv
    Info (12023): Found entity 1: bin_to_7seg File: C:/Users/Windows11Virtual/Desktop/Rbolanos-Amunoz-Crodriguez-digital-design-lab2-2025/Pregunta1/bin_to_7seg.sv Line: 1
Info (12021): Found 1 design units, including 1 entities, in source file operation_selector.sv
    Info (12023): Found entity 1: operation_selector File: C:/Users/Windows11Virtual/Desktop/Rbolanos-Amunoz-Crodriguez-digital-design-lab2-2025/Pregunta1/operation_selector.sv Line: 1
Info (12021): Found 1 design units, including 1 entities, in source file partial_multiplier.sv
    Info (12023): Found entity 1: partial_multiplier File: C:/Users/Windows11Virtual/Desktop/Rbolanos-Amunoz-Crodriguez-digital-design-lab2-2025/Pregunta1/partial_multiplier.sv Line: 1
Warning (10236): Verilog HDL Implicit Net warning at alu.sv(47): created implicit net for "quotient" File: C:/Users/Windows11Virtual/Desktop/Rbolanos-Amunoz-Crodriguez-digital-design-lab2-2025/Pregunta1/alu.sv Line: 47
Warning (10236): Verilog HDL Implicit Net warning at alu.sv(48): created implicit net for "remainder" File: C:/Users/Windows11Virtual/Desktop/Rbolanos-Amunoz-Crodriguez-digital-design-lab2-2025/Pregunta1/alu.sv Line: 48
Info (12127): Elaborating entity "top" for the top level hierarchy
Info (12128): Elaborating entity "operation_selector" for hierarchy "operation_selector:op_selector" File: C:/Users/Windows11Virtual/Desktop/Rbolanos-Amunoz-Crodriguez-digital-design-lab2-2025/Pregunta1/top.sv Line: 19
Info (12128): Elaborating entity "alu" for hierarchy "alu:my_alu" File: C:/Users/Windows11Virtual/Desktop/Rbolanos-Amunoz-Crodriguez-digital-design-lab2-2025/Pregunta1/top.sv Line: 31
Warning (10036): Verilog HDL or VHDL warning at alu.sv(47): object "quotient" assigned a value but never read File: C:/Users/Windows11Virtual/Desktop/Rbolanos-Amunoz-Crodriguez-digital-design-lab2-2025/Pregunta1/alu.sv Line: 47
Warning (10036): Verilog HDL or VHDL warning at alu.sv(48): object "remainder" assigned a value but never read File: C:/Users/Windows11Virtual/Desktop/Rbolanos-Amunoz-Crodriguez-digital-design-lab2-2025/Pregunta1/alu.sv Line: 48
Warning (10230): Verilog HDL assignment warning at alu.sv(47): truncated value with size 4 to match size of target (1) File: C:/Users/Windows11Virtual/Desktop/Rbolanos-Amunoz-Crodriguez-digital-design-lab2-2025/Pregunta1/alu.sv Line: 47
Warning (10230): Verilog HDL assignment warning at alu.sv(48): truncated value with size 4 to match size of target (1) File: C:/Users/Windows11Virtual/Desktop/Rbolanos-Amunoz-Crodriguez-digital-design-lab2-2025/Pregunta1/alu.sv Line: 48
Info (12128): Elaborating entity "adder" for hierarchy "alu:my_alu|adder:add_unit" File: C:/Users/Windows11Virtual/Desktop/Rbolanos-Amunoz-Crodriguez-digital-design-lab2-2025/Pregunta1/alu.sv Line: 23
Info (12128): Elaborating entity "full_adder" for hierarchy "alu:my_alu|adder:add_unit|full_adder:adder_block[0].fa" File: C:/Users/Windows11Virtual/Desktop/Rbolanos-Amunoz-Crodriguez-digital-design-lab2-2025/Pregunta1/adder.sv Line: 24
Info (12128): Elaborating entity "subtractor" for hierarchy "alu:my_alu|subtractor:sub_unit" File: C:/Users/Windows11Virtual/Desktop/Rbolanos-Amunoz-Crodriguez-digital-design-lab2-2025/Pregunta1/alu.sv Line: 31
Info (12128): Elaborating entity "multiplier" for hierarchy "alu:my_alu|multiplier:mul_unit" File: C:/Users/Windows11Virtual/Desktop/Rbolanos-Amunoz-Crodriguez-digital-design-lab2-2025/Pregunta1/alu.sv Line: 37
Info (12128): Elaborating entity "partial_multiplier" for hierarchy "alu:my_alu|multiplier:mul_unit|partial_multiplier:partial_multipliers[0].pm" File: C:/Users/Windows11Virtual/Desktop/Rbolanos-Amunoz-Crodriguez-digital-design-lab2-2025/Pregunta1/multiplier.sv Line: 20
Info (12128): Elaborating entity "bin_to_7seg" for hierarchy "bin_to_7seg:result_to_7seg" File: C:/Users/Windows11Virtual/Desktop/Rbolanos-Amunoz-Crodriguez-digital-design-lab2-2025/Pregunta1/top.sv Line: 37
Warning (12241): 4 hierarchies have connectivity warnings - see the Connectivity Checks report folder
Info: Quartus Prime Analysis & Elaboration was successful. 0 errors, 8 warnings
    Info: Peak virtual memory: 4791 megabytes
    Info: Processing ended: Sat Mar 22 15:23:38 2025
    Info: Elapsed time: 00:00:07
    Info: Total CPU time (on all processors): 00:00:17


